<?xml version="1.0" encoding="UTF-8"?>
<!-- Generated by org.testng.reporters.JUnitXMLReporter -->
<testsuite ignored="0" hostname="DESKTOP-U57RU64" failures="0" tests="3" name="Default test" time="4.858" errors="0" timestamp="2022-06-01T22:02:18 CEST">
  <testcase classname="tests.InvalidLogIn" name="test1" time="1.906"/>
  <testcase classname="tests.InvalidLogIn" name="test2" time="0.4"/>
  <testcase classname="tests.InvalidLogIn" name="test3" time="0.401"/>
</testsuite> <!-- Default test -->
